# JRE version: OpenJDK Runtime Environment (8.0_162-b12) (build 1.8.0_162-8u162-b12-0ubuntu0.17.10.2-b12)
# Java VM: OpenJDK 64-Bit Server VM (25.162-b12 mixed mode linux-amd64 compressed oops)
Heap:
 PSYoungGen      total 887296K, used 0K [0x000000076ab00000, 0x00000007c0000000, 0x00000007c0000000)
  eden space 465920K, 0% used [0x000000076ab00000,0x000000076ab00000,0x0000000787200000)
  from space 421376K, 0% used [0x00000007a6480000,0x00000007a6480000,0x00000007c0000000)
  to   space 465920K, 0% used [0x0000000787200000,0x0000000787200000,0x00000007a3900000)
 ParOldGen       total 1056768K, used 1044546K [0x00000006c0000000, 0x0000000700800000, 0x000000076ab00000)
  object space 1056768K, 98% used [0x00000006c0000000,0x00000006ffc10a70,0x0000000700800000)
 Metaspace       used 47789K, capacity 48756K, committed 49024K, reserved 1091584K
  class space    used 6211K, capacity 6494K, committed 6528K, reserved 1048576K
GC Heap History (10 events):
Event: 107,554 GC heap after
Heap after GC invocations=24 (full 3):
 PSYoungGen      total 985088K, used 173563K [0x000000076ab00000, 0x00000007c0000000, 0x00000007c0000000)
  eden space 811520K, 0% used [0x000000076ab00000,0x000000076ab00000,0x000000079c380000)
  from space 173568K, 99% used [0x000000079c380000,0x00000007a6cfeef8,0x00000007a6d00000)
  to   space 294400K, 0% used [0x00000007ae080000,0x00000007ae080000,0x00000007c0000000)
 ParOldGen       total 581632K, used 513885K [0x00000006c0000000, 0x00000006e3800000, 0x000000076ab00000)
  object space 581632K, 88% used [0x00000006c0000000,0x00000006df5d77b8,0x00000006e3800000)
 Metaspace       used 44909K, capacity 45680K, committed 45952K, reserved 1089536K
  class space    used 6006K, capacity 6246K, committed 6272K, reserved 1048576K
}
Event: 107,554 GC heap before
{Heap before GC invocations=25 (full 4):
 PSYoungGen      total 985088K, used 173563K [0x000000076ab00000, 0x00000007c0000000, 0x00000007c0000000)
  eden space 811520K, 0% used [0x000000076ab00000,0x000000076ab00000,0x000000079c380000)
  from space 173568K, 99% used [0x000000079c380000,0x00000007a6cfeef8,0x00000007a6d00000)
  to   space 294400K, 0% used [0x00000007ae080000,0x00000007ae080000,0x00000007c0000000)
 ParOldGen       total 581632K, used 513885K [0x00000006c0000000, 0x00000006e3800000, 0x000000076ab00000)
  object space 581632K, 88% used [0x00000006c0000000,0x00000006df5d77b8,0x00000006e3800000)
 Metaspace       used 44909K, capacity 45680K, committed 45952K, reserved 1089536K
  class space    used 6006K, capacity 6246K, committed 6272K, reserved 1048576K
Event: 108,755 GC heap after
Heap after GC invocations=25 (full 4):
 PSYoungGen      total 985088K, used 94575K [0x000000076ab00000, 0x00000007c0000000, 0x00000007c0000000)
  eden space 811520K, 0% used [0x000000076ab00000,0x000000076ab00000,0x000000079c380000)
  from space 173568K, 54% used [0x000000079c380000,0x00000007a1fdbc80,0x00000007a6d00000)
  to   space 294400K, 0% used [0x00000007ae080000,0x00000007ae080000,0x00000007c0000000)
 ParOldGen       total 1056768K, used 581561K [0x00000006c0000000, 0x0000000700800000, 0x000000076ab00000)
  object space 1056768K, 55% used [0x00000006c0000000,0x00000006e37ee488,0x0000000700800000)
 Metaspace       used 44909K, capacity 45680K, committed 45952K, reserved 1089536K
  class space    used 6006K, capacity 6246K, committed 6272K, reserved 1048576K
}
Event: 113,381 GC heap before
{Heap before GC invocations=26 (full 4):
 PSYoungGen      total 985088K, used 906095K [0x000000076ab00000, 0x00000007c0000000, 0x00000007c0000000)
  eden space 811520K, 100% used [0x000000076ab00000,0x000000079c380000,0x000000079c380000)
  from space 173568K, 54% used [0x000000079c380000,0x00000007a1fdbc80,0x00000007a6d00000)
  to   space 294400K, 0% used [0x00000007ae080000,0x00000007ae080000,0x00000007c0000000)
 ParOldGen       total 1056768K, used 581561K [0x00000006c0000000, 0x0000000700800000, 0x000000076ab00000)
  object space 1056768K, 55% used [0x00000006c0000000,0x00000006e37ee488,0x0000000700800000)
 Metaspace       used 44914K, capacity 45680K, committed 45952K, reserved 1089536K
  class space    used 6006K, capacity 6246K, committed 6272K, reserved 1048576K
Event: 114,303 GC heap after
Heap after GC invocations=26 (full 4):
 PSYoungGen      total 849408K, used 294394K [0x000000076ab00000, 0x00000007c0000000, 0x00000007c0000000)
  eden space 555008K, 0% used [0x000000076ab00000,0x000000076ab00000,0x000000078c900000)
  from space 294400K, 99% used [0x00000007ae080000,0x00000007bfffe930,0x00000007c0000000)
  to   space 421376K, 0% used [0x000000078c900000,0x000000078c900000,0x00000007a6480000)
 ParOldGen       total 1056768K, used 778148K [0x00000006c0000000, 0x0000000700800000, 0x000000076ab00000)
  object space 1056768K, 73% used [0x00000006c0000000,0x00000006ef7e9120,0x0000000700800000)
 Metaspace       used 44914K, capacity 45680K, committed 45952K, reserved 1089536K
  class space    used 6006K, capacity 6246K, committed 6272K, reserved 1048576K
}
Event: 137,743 GC heap before
{Heap before GC invocations=27 (full 4):
 PSYoungGen      total 849408K, used 849402K [0x000000076ab00000, 0x00000007c0000000, 0x00000007c0000000)
  eden space 555008K, 100% used [0x000000076ab00000,0x000000078c900000,0x000000078c900000)
  from space 294400K, 99% used [0x00000007ae080000,0x00000007bfffe930,0x00000007c0000000)
  to   space 421376K, 0% used [0x000000078c900000,0x000000078c900000,0x00000007a6480000)
 ParOldGen       total 1056768K, used 778148K [0x00000006c0000000, 0x0000000700800000, 0x000000076ab00000)
  object space 1056768K, 73% used [0x00000006c0000000,0x00000006ef7e9120,0x0000000700800000)
 Metaspace       used 47328K, capacity 48228K, committed 48512K, reserved 1091584K
  class space    used 6202K, capacity 6482K, committed 6528K, reserved 1048576K
Event: 138,027 GC heap after
Heap after GC invocations=27 (full 4):
 PSYoungGen      total 976384K, used 421352K [0x000000076ab00000, 0x00000007c0000000, 0x00000007c0000000)
  eden space 555008K, 0% used [0x000000076ab00000,0x000000076ab00000,0x000000078c900000)
  from space 421376K, 99% used [0x000000078c900000,0x00000007a647a3f8,0x00000007a6480000)
  to   space 421376K, 0% used [0x00000007a6480000,0x00000007a6480000,0x00000007c0000000)
 ParOldGen       total 1056768K, used 814608K [0x00000006c0000000, 0x0000000700800000, 0x000000076ab00000)
  object space 1056768K, 77% used [0x00000006c0000000,0x00000006f1b84360,0x0000000700800000)
 Metaspace       used 47328K, capacity 48228K, committed 48512K, reserved 1091584K
  class space    used 6202K, capacity 6482K, committed 6528K, reserved 1048576K
}
Event: 140,533 GC heap before
{Heap before GC invocations=28 (full 4):
 PSYoungGen      total 976384K, used 976360K [0x000000076ab00000, 0x00000007c0000000, 0x00000007c0000000)
  eden space 555008K, 100% used [0x000000076ab00000,0x000000078c900000,0x000000078c900000)
  from space 421376K, 99% used [0x000000078c900000,0x00000007a647a3f8,0x00000007a6480000)
  to   space 421376K, 0% used [0x00000007a6480000,0x00000007a6480000,0x00000007c0000000)
 ParOldGen       total 1056768K, used 814608K [0x00000006c0000000, 0x0000000700800000, 0x000000076ab00000)
  object space 1056768K, 77% used [0x00000006c0000000,0x00000006f1b84360,0x0000000700800000)
 Metaspace       used 47789K, capacity 48756K, committed 49024K, reserved 1091584K
  class space    used 6211K, capacity 6494K, committed 6528K, reserved 1048576K
Event: 142,326 GC heap after
Heap after GC invocations=28 (full 4):
 PSYoungGen      total 887296K, used 330305K [0x000000076ab00000, 0x00000007c0000000, 0x00000007c0000000)
  eden space 465920K, 0% used [0x000000076ab00000,0x000000076ab00000,0x0000000787200000)
  from space 421376K, 78% used [0x00000007a6480000,0x00000007ba710660,0x00000007c0000000)
  to   space 465920K, 0% used [0x0000000787200000,0x0000000787200000,0x00000007a3900000)
 ParOldGen       total 1056768K, used 906189K [0x00000006c0000000, 0x0000000700800000, 0x000000076ab00000)
  object space 1056768K, 85% used [0x00000006c0000000,0x00000006f74f34a0,0x0000000700800000)
 Metaspace       used 47789K, capacity 48756K, committed 49024K, reserved 1091584K
  class space    used 6211K, capacity 6494K, committed 6528K, reserved 1048576K
}
Event: 142,326 GC heap before
{Heap before GC invocations=29 (full 5):
 PSYoungGen      total 887296K, used 330305K [0x000000076ab00000, 0x00000007c0000000, 0x00000007c0000000)
  eden space 465920K, 0% used [0x000000076ab00000,0x000000076ab00000,0x0000000787200000)
  from space 421376K, 78% used [0x00000007a6480000,0x00000007ba710660,0x00000007c0000000)
  to   space 465920K, 0% used [0x0000000787200000,0x0000000787200000,0x00000007a3900000)
 ParOldGen       total 1056768K, used 906189K [0x00000006c0000000, 0x0000000700800000, 0x000000076ab00000)
  object space 1056768K, 85% used [0x00000006c0000000,0x00000006f74f34a0,0x0000000700800000)
 Metaspace       used 47789K, capacity 48756K, committed 49024K, reserved 1091584K
  class space    used 6211K, capacity 6494K, committed 6528K, reserved 1048576K

