# JRE version: Java(TM) SE Runtime Environment (8.0_171-b11) (build 1.8.0_171-b11)
# Java VM: Java HotSpot(TM) 64-Bit Server VM (25.171-b11 mixed mode linux-amd64 compressed oops)
Heap:
 PSYoungGen      total 212992K, used 15356K [0x000000076c780000, 0x000000077be80000, 0x00000007c0000000)
  eden space 197632K, 0% used [0x000000076c780000,0x000000076c780000,0x0000000778880000)
  from space 15360K, 99% used [0x0000000778880000,0x000000077977f2d0,0x0000000779780000)
  to   space 16384K, 0% used [0x0000000779780000,0x0000000779780000,0x000000077a780000)
 ParOldGen       total 117248K, used 16075K [0x00000006c5600000, 0x00000006cc880000, 0x000000076c780000)
  object space 117248K, 13% used [0x00000006c5600000,0x00000006c65b2f98,0x00000006cc880000)
 Metaspace       used 38944K, capacity 39600K, committed 39896K, reserved 1083392K
  class space    used 5385K, capacity 5630K, committed 5632K, reserved 1048576K
GC Heap History (10 events):
Event: 3,000 GC heap after
Heap after GC invocations=4 (full 1):
 PSYoungGen      total 75264K, used 0K [0x000000076c780000, 0x0000000775a80000, 0x00000007c0000000)
  eden space 64512K, 0% used [0x000000076c780000,0x000000076c780000,0x0000000770680000)
  from space 10752K, 0% used [0x0000000770680000,0x0000000770680000,0x0000000771100000)
  to   space 10752K, 0% used [0x0000000775000000,0x0000000775000000,0x0000000775a80000)
 ParOldGen       total 87552K, used 6777K [0x00000006c5600000, 0x00000006cab80000, 0x000000076c780000)
  object space 87552K, 7% used [0x00000006c5600000,0x00000006c5c9e5b8,0x00000006cab80000)
 Metaspace       used 20870K, capacity 21076K, committed 21248K, reserved 1067008K
  class space    used 2872K, capacity 2969K, committed 3072K, reserved 1048576K
}
Event: 3,902 GC heap before
{Heap before GC invocations=5 (full 1):
 PSYoungGen      total 75264K, used 64512K [0x000000076c780000, 0x0000000775a80000, 0x00000007c0000000)
  eden space 64512K, 100% used [0x000000076c780000,0x0000000770680000,0x0000000770680000)
  from space 10752K, 0% used [0x0000000770680000,0x0000000770680000,0x0000000771100000)
  to   space 10752K, 0% used [0x0000000775000000,0x0000000775000000,0x0000000775a80000)
 ParOldGen       total 87552K, used 6777K [0x00000006c5600000, 0x00000006cab80000, 0x000000076c780000)
  object space 87552K, 7% used [0x00000006c5600000,0x00000006c5c9e5b8,0x00000006cab80000)
 Metaspace       used 26357K, capacity 26910K, committed 27264K, reserved 1073152K
  class space    used 3691K, capacity 3869K, committed 3968K, reserved 1048576K
Event: 3,925 GC heap after
Heap after GC invocations=5 (full 1):
 PSYoungGen      total 120832K, used 6330K [0x000000076c780000, 0x0000000775680000, 0x00000007c0000000)
  eden space 114176K, 0% used [0x000000076c780000,0x000000076c780000,0x0000000773700000)
  from space 6656K, 95% used [0x0000000775000000,0x000000077562eb08,0x0000000775680000)
  to   space 10752K, 0% used [0x0000000774180000,0x0000000774180000,0x0000000774c00000)
 ParOldGen       total 87552K, used 6785K [0x00000006c5600000, 0x00000006cab80000, 0x000000076c780000)
  object space 87552K, 7% used [0x00000006c5600000,0x00000006c5ca05b8,0x00000006cab80000)
 Metaspace       used 26357K, capacity 26910K, committed 27264K, reserved 1073152K
  class space    used 3691K, capacity 3869K, committed 3968K, reserved 1048576K
}
Event: 6,603 GC heap before
{Heap before GC invocations=6 (full 1):
 PSYoungGen      total 120832K, used 120506K [0x000000076c780000, 0x0000000775680000, 0x00000007c0000000)
  eden space 114176K, 100% used [0x000000076c780000,0x0000000773700000,0x0000000773700000)
  from space 6656K, 95% used [0x0000000775000000,0x000000077562eb08,0x0000000775680000)
  to   space 10752K, 0% used [0x0000000774180000,0x0000000774180000,0x0000000774c00000)
 ParOldGen       total 87552K, used 6785K [0x00000006c5600000, 0x00000006cab80000, 0x000000076c780000)
  object space 87552K, 7% used [0x00000006c5600000,0x00000006c5ca05b8,0x00000006cab80000)
 Metaspace       used 34062K, capacity 34722K, committed 34944K, reserved 1079296K
  class space    used 4706K, capacity 4961K, committed 4992K, reserved 1048576K
Event: 6,620 GC heap after
Heap after GC invocations=6 (full 1):
 PSYoungGen      total 135680K, used 10726K [0x000000076c780000, 0x000000077a780000, 0x00000007c0000000)
  eden space 124928K, 0% used [0x000000076c780000,0x000000076c780000,0x0000000774180000)
  from space 10752K, 99% used [0x0000000774180000,0x0000000774bf9a28,0x0000000774c00000)
  to   space 16384K, 0% used [0x0000000779780000,0x0000000779780000,0x000000077a780000)
 ParOldGen       total 87552K, used 9488K [0x00000006c5600000, 0x00000006cab80000, 0x000000076c780000)
  object space 87552K, 10% used [0x00000006c5600000,0x00000006c5f44160,0x00000006cab80000)
 Metaspace       used 34062K, capacity 34722K, committed 34944K, reserved 1079296K
  class space    used 4706K, capacity 4961K, committed 4992K, reserved 1048576K
}
Event: 6,739 GC heap before
{Heap before GC invocations=7 (full 1):
 PSYoungGen      total 135680K, used 13531K [0x000000076c780000, 0x000000077a780000, 0x00000007c0000000)
  eden space 124928K, 2% used [0x000000076c780000,0x000000076ca3d318,0x0000000774180000)
  from space 10752K, 99% used [0x0000000774180000,0x0000000774bf9a28,0x0000000774c00000)
  to   space 16384K, 0% used [0x0000000779780000,0x0000000779780000,0x000000077a780000)
 ParOldGen       total 87552K, used 9488K [0x00000006c5600000, 0x00000006cab80000, 0x000000076c780000)
  object space 87552K, 10% used [0x00000006c5600000,0x00000006c5f44160,0x00000006cab80000)
 Metaspace       used 34433K, capacity 35054K, committed 35416K, reserved 1079296K
  class space    used 4736K, capacity 4963K, committed 4992K, reserved 1048576K
Event: 6,750 GC heap after
Heap after GC invocations=7 (full 1):
 PSYoungGen      total 214016K, used 9556K [0x000000076c780000, 0x000000077be80000, 0x00000007c0000000)
  eden space 197632K, 0% used [0x000000076c780000,0x000000076c780000,0x0000000778880000)
  from space 16384K, 58% used [0x0000000779780000,0x000000077a0d5358,0x000000077a780000)
  to   space 15360K, 0% used [0x0000000778880000,0x0000000778880000,0x0000000779780000)
 ParOldGen       total 87552K, used 9496K [0x00000006c5600000, 0x00000006cab80000, 0x000000076c780000)
  object space 87552K, 10% used [0x00000006c5600000,0x00000006c5f46160,0x00000006cab80000)
 Metaspace       used 34433K, capacity 35054K, committed 35416K, reserved 1079296K
  class space    used 4736K, capacity 4963K, committed 4992K, reserved 1048576K
}
Event: 6,750 GC heap before
{Heap before GC invocations=8 (full 2):
 PSYoungGen      total 214016K, used 9556K [0x000000076c780000, 0x000000077be80000, 0x00000007c0000000)
  eden space 197632K, 0% used [0x000000076c780000,0x000000076c780000,0x0000000778880000)
  from space 16384K, 58% used [0x0000000779780000,0x000000077a0d5358,0x000000077a780000)
  to   space 15360K, 0% used [0x0000000778880000,0x0000000778880000,0x0000000779780000)
 ParOldGen       total 87552K, used 9496K [0x00000006c5600000, 0x00000006cab80000, 0x000000076c780000)
  object space 87552K, 10% used [0x00000006c5600000,0x00000006c5f46160,0x00000006cab80000)
 Metaspace       used 34433K, capacity 35054K, committed 35416K, reserved 1079296K
  class space    used 4736K, capacity 4963K, committed 4992K, reserved 1048576K
Event: 6,816 GC heap after
Heap after GC invocations=8 (full 2):
 PSYoungGen      total 214016K, used 0K [0x000000076c780000, 0x000000077be80000, 0x00000007c0000000)
  eden space 197632K, 0% used [0x000000076c780000,0x000000076c780000,0x0000000778880000)
  from space 16384K, 0% used [0x0000000779780000,0x0000000779780000,0x000000077a780000)
  to   space 15360K, 0% used [0x0000000778880000,0x0000000778880000,0x0000000779780000)
 ParOldGen       total 117248K, used 15842K [0x00000006c5600000, 0x00000006cc880000, 0x000000076c780000)
  object space 117248K, 13% used [0x00000006c5600000,0x00000006c6578a78,0x00000006cc880000)
 Metaspace       used 34433K, capacity 35054K, committed 35416K, reserved 1079296K
  class space    used 4736K, capacity 4963K, committed 4992K, reserved 1048576K
}
Event: 61,921 GC heap before
{Heap before GC invocations=9 (full 2):
 PSYoungGen      total 214016K, used 197632K [0x000000076c780000, 0x000000077be80000, 0x00000007c0000000)
  eden space 197632K, 100% used [0x000000076c780000,0x0000000778880000,0x0000000778880000)
  from space 16384K, 0% used [0x0000000779780000,0x0000000779780000,0x000000077a780000)
  to   space 15360K, 0% used [0x0000000778880000,0x0000000778880000,0x0000000779780000)
 ParOldGen       total 117248K, used 15842K [0x00000006c5600000, 0x00000006cc880000, 0x000000076c780000)
  object space 117248K, 13% used [0x00000006c5600000,0x00000006c6578a78,0x00000006cc880000)
 Metaspace       used 38944K, capacity 39600K, committed 39896K, reserved 1083392K
  class space    used 5385K, capacity 5630K, committed 5632K, reserved 1048576K

